./include/fight.h:27: INFO:C-A3
./src/game.c:157: MAJOR:C-F4
./src/game.c:158: MAJOR:C-F4
./src/game.c:159: MAJOR:C-F4
./src/game.c:160: MAJOR:C-F4
./src/game.c:161: MAJOR:C-F4
./src/game.c:161: MINOR:C-F8
./src/game.c:161: MINOR:C-L2
./src/game.c:162: MAJOR:C-F4
./src/game.c:186: MAJOR:C-F3
./src/game.c:186: MINOR:C-L2
./src/game.c:187: MAJOR:C-F3
./src/game.c:187: MAJOR:C-F4
./src/game.c:187: MINOR:C-L2
./src/game.c:188: MAJOR:C-F3
./src/game.c:188: MAJOR:C-F4
./src/game.c:188: MINOR:C-L2
./src/game.c:189: MAJOR:C-F3
./src/game.c:189: MAJOR:C-F4
./src/game.c:189: MINOR:C-L2
./src/game.c:190: MAJOR:C-F4
./src/game.c:191: MAJOR:C-F4
./src/interact.c:65: MAJOR:C-F3
./src/interact.c:75: MAJOR:C-F4
./src/interact.c:76: MAJOR:C-F4
./src/interact.c:77: MAJOR:C-F4
